[debug] [2023-05-18T05:27:22.649Z] ----------------------------------------------------------------------
[debug] [2023-05-18T05:27:22.651Z] Command:       D:\Program Files\nodejs\node.exe C:\Users\sitay\AppData\Roaming\npm\node_modules\firebase-tools\lib\bin\firebase.js init
[debug] [2023-05-18T05:27:22.651Z] CLI Version:   12.0.0
[debug] [2023-05-18T05:27:22.652Z] Platform:      win32
[debug] [2023-05-18T05:27:22.652Z] Node Version:  v18.16.0
[debug] [2023-05-18T05:27:22.653Z] Time:          Thu May 18 2023 10:57:22 GMT+0530 (India Standard Time)
[debug] [2023-05-18T05:27:22.653Z] ----------------------------------------------------------------------
[debug] 
[debug] [2023-05-18T05:27:22.773Z] > command requires scopes: ["email","openid","https://www.googleapis.com/auth/cloudplatformprojects.readonly","https://www.googleapis.com/auth/firebase","https://www.googleapis.com/auth/cloud-platform"]
[debug] [2023-05-18T05:27:22.774Z] > authorizing via signed-in user (sitayadav9920@gmail.com)
[info] 
     ######## #### ########  ######## ########     ###     ######  ########
     ##        ##  ##     ## ##       ##     ##  ##   ##  ##       ##
     ######    ##  ########  ######   ########  #########  ######  ######
     ##        ##  ##    ##  ##       ##     ## ##     ##       ## ##
     ##       #### ##     ## ######## ########  ##     ##  ######  ########

You're about to initialize a Firebase project in this directory:

  C:\Users\sitay\Desktop\AngularApp\my-image

Before we get started, keep in mind:

  * You are initializing within an existing Firebase project directory

